bash: no se puede establecer el grupo de proceso de terminal (-1): Función no implementada
bash: no hay control de trabajos en este shell
Attempting to call a function in a renderer window that has been closed or released.
Function provided here: worker-manager.js:390:32
Remote event names: destroyed, crashed
bash: no se puede establecer el grupo de proceso de terminal (-1): Función no implementada
bash: no hay control de trabajos en este shell
bash: no se puede establecer el grupo de proceso de terminal (-1): Función no implementada
bash: no hay control de trabajos en este shell
=> Booting Puma
=> Rails 5.0.2 application starting in production on http://0.0.0.0:3002
=> Run `rails server -h` for more startup options
Exiting
/home/lrsrvdev/.rvm/gems/ruby-2.4.1@elearning/gems/activesupport-5.0.2/lib/active_support/dependencies.rb:293:in `block in require': Interrupt
	from /home/lrsrvdev/.rvm/gems/ruby-2.4.1@elearning/gems/activesupport-5.0.2/lib/active_support/dependencies.rb:259:in `load_dependency'
	from /home/lrsrvdev/.rvm/gems/ruby-2.4.1@elearning/gems/activesupport-5.0.2/lib/active_support/dependencies.rb:293:in `require'
	from /home/lrsrvdev/.rvm/gems/ruby-2.4.1@elearning/gems/oauth2-1.3.1/lib/oauth2/mac_token.rb:2:in `<top (required)>'
	from /home/lrsrvdev/.rvm/gems/ruby-2.4.1@elearning/gems/activesupport-5.0.2/lib/active_support/dependencies.rb:293:in `require'
	from /home/lrsrvdev/.rvm/gems/ruby-2.4.1@elearning/gems/activesupport-5.0.2/lib/active_support/dependencies.rb:293:in `block in require'
	from /home/lrsrvdev/.rvm/gems/ruby-2.4.1@elearning/gems/activesupport-5.0.2/lib/active_support/dependencies.rb:259:in `load_dependency'
	from /home/lrsrvdev/.rvm/gems/ruby-2.4.1@elearning/gems/activesupport-5.0.2/lib/active_support/dependencies.rb:293:in `require'
	from /home/lrsrvdev/.rvm/gems/ruby-2.4.1@elearning/gems/oauth2-1.3.1/lib/oauth2.rb:11:in `<top (required)>'
	from /home/lrsrvdev/.rvm/gems/ruby-2.4.1@elearning/gems/activesupport-5.0.2/lib/active_support/dependencies.rb:293:in `require'
	from /home/lrsrvdev/.rvm/gems/ruby-2.4.1@elearning/gems/activesupport-5.0.2/lib/active_support/dependencies.rb:293:in `block in require'
	from /home/lrsrvdev/.rvm/gems/ruby-2.4.1@elearning/gems/activesupport-5.0.2/lib/active_support/dependencies.rb:259:in `load_dependency'
	from /home/lrsrvdev/.rvm/gems/ruby-2.4.1@elearning/gems/activesupport-5.0.2/lib/active_support/dependencies.rb:293:in `require'
	from /home/lrsrvdev/.rvm/gems/ruby-2.4.1@elearning/gems/omniauth-oauth2-1.4.0/lib/omniauth/strategies/oauth2.rb:1:in `<top (required)>'
	from /home/lrsrvdev/.rvm/gems/ruby-2.4.1@elearning/gems/activesupport-5.0.2/lib/active_support/dependencies.rb:293:in `require'
	from /home/lrsrvdev/.rvm/gems/ruby-2.4.1@elearning/gems/activesupport-5.0.2/lib/active_support/dependencies.rb:293:in `block in require'
	from /home/lrsrvdev/.rvm/gems/ruby-2.4.1@elearning/gems/activesupport-5.0.2/lib/active_support/dependencies.rb:259:in `load_dependency'
	from /home/lrsrvdev/.rvm/gems/ruby-2.4.1@elearning/gems/activesupport-5.0.2/lib/active_support/dependencies.rb:293:in `require'
	from /home/lrsrvdev/.rvm/gems/ruby-2.4.1@elearning/gems/omniauth-oauth2-1.4.0/lib/omniauth-oauth2.rb:2:in `<top (required)>'
	from /home/lrsrvdev/.rvm/gems/ruby-2.4.1@elearning/gems/bundler-1.16.0/lib/bundler/runtime.rb:81:in `require'
	from /home/lrsrvdev/.rvm/gems/ruby-2.4.1@elearning/gems/bundler-1.16.0/lib/bundler/runtime.rb:81:in `block (2 levels) in require'
	from /home/lrsrvdev/.rvm/gems/ruby-2.4.1@elearning/gems/bundler-1.16.0/lib/bundler/runtime.rb:76:in `each'
	from /home/lrsrvdev/.rvm/gems/ruby-2.4.1@elearning/gems/bundler-1.16.0/lib/bundler/runtime.rb:76:in `block in require'
	from /home/lrsrvdev/.rvm/gems/ruby-2.4.1@elearning/gems/bundler-1.16.0/lib/bundler/runtime.rb:65:in `each'
	from /home/lrsrvdev/.rvm/gems/ruby-2.4.1@elearning/gems/bundler-1.16.0/lib/bundler/runtime.rb:65:in `require'
	from /home/lrsrvdev/.rvm/gems/ruby-2.4.1@elearning/gems/bundler-1.16.0/lib/bundler.rb:114:in `require'
	from /home/lrsrvdev/elearning/config/application.rb:7:in `<top (required)>'
	from /home/lrsrvdev/.rvm/gems/ruby-2.4.1@elearning/gems/railties-5.0.2/lib/rails/commands/commands_tasks.rb:88:in `require'
	from /home/lrsrvdev/.rvm/gems/ruby-2.4.1@elearning/gems/railties-5.0.2/lib/rails/commands/commands_tasks.rb:88:in `block in server'
	from /home/lrsrvdev/.rvm/gems/ruby-2.4.1@elearning/gems/railties-5.0.2/lib/rails/commands/commands_tasks.rb:85:in `tap'
	from /home/lrsrvdev/.rvm/gems/ruby-2.4.1@elearning/gems/railties-5.0.2/lib/rails/commands/commands_tasks.rb:85:in `server'
	from /home/lrsrvdev/.rvm/gems/ruby-2.4.1@elearning/gems/railties-5.0.2/lib/rails/commands/commands_tasks.rb:49:in `run_command!'
	from /home/lrsrvdev/.rvm/gems/ruby-2.4.1@elearning/gems/railties-5.0.2/lib/rails/commands.rb:18:in `<top (required)>'
	from /home/lrsrvdev/elearning/bin/rails:9:in `require'
	from /home/lrsrvdev/elearning/bin/rails:9:in `<top (required)>'
	from /home/lrsrvdev/.rvm/gems/ruby-2.4.1@elearning/gems/spring-2.0.1/lib/spring/client/rails.rb:28:in `load'
	from /home/lrsrvdev/.rvm/gems/ruby-2.4.1@elearning/gems/spring-2.0.1/lib/spring/client/rails.rb:28:in `call'
	from /home/lrsrvdev/.rvm/gems/ruby-2.4.1@elearning/gems/spring-2.0.1/lib/spring/client/command.rb:7:in `call'
	from /home/lrsrvdev/.rvm/gems/ruby-2.4.1@elearning/gems/spring-2.0.1/lib/spring/client.rb:30:in `run'
	from /home/lrsrvdev/.rvm/gems/ruby-2.4.1@elearning/gems/spring-2.0.1/bin/spring:49:in `<top (required)>'
	from /home/lrsrvdev/.rvm/gems/ruby-2.4.1@elearning/gems/spring-2.0.1/lib/spring/binstub.rb:31:in `load'
	from /home/lrsrvdev/.rvm/gems/ruby-2.4.1@elearning/gems/spring-2.0.1/lib/spring/binstub.rb:31:in `<top (required)>'
	from /home/lrsrvdev/elearning/bin/spring:15:in `require'
	from /home/lrsrvdev/elearning/bin/spring:15:in `<top (required)>'
	from bin/rails:3:in `load'
	from bin/rails:3:in `<main>'
